<?xml version="1.0" encoding="UTF-8"?>
<!-- Generated by org.testng.reporters.JUnitReportReporter -->
<testsuite hostname="Aventras-iMac.local" failures="0" tests="1" name="tests.ExtentReportsDemo" time="0.010" errors="0" timestamp="10 Nov 2022 03:42:01 GMT" skipped="0">
  <testcase classname="tests.ExtentReportsDemo" name="demoTest" time="0.010"/>
</testsuite> <!-- tests.ExtentReportsDemo -->
